<?xml version="1.0" encoding="UTF-8"?>
<!-- Generated by org.testng.reporters.JUnitReportReporter -->
<testsuite skipped="0" hostname="Admin-PC" name="testNG.Allannotations" tests="2" failures="0" timestamp="18 Feb 2018 13:38:03 GMT" time="0.020" errors="0">
  <testcase name="Test2" time="0.005" classname="testNG.Allannotations"/>
  <testcase name="Test1" time="0.015" classname="testNG.Allannotations"/>
</testsuite> <!-- testNG.Allannotations -->
