<?xml version="1.0" encoding="UTF-8"?>
<!-- Generated by org.testng.reporters.JUnitReportReporter -->
<testsuite skipped="0" hostname="Admin-PC" name="demoJenkins.DataProvide" tests="5" failures="0" timestamp="17 Feb 2018 16:23:54 GMT" time="0.034" errors="0">
  <testcase name="testLogin" time="0.003" classname="demoJenkins.DataProvide"/>
  <testcase name="testLogin" time="0.019" classname="demoJenkins.DataProvide"/>
  <testcase name="testLogin" time="0.005" classname="demoJenkins.DataProvide"/>
  <testcase name="testLogin" time="0.003" classname="demoJenkins.DataProvide"/>
  <testcase name="testLogin" time="0.004" classname="demoJenkins.DataProvide"/>
</testsuite> <!-- demoJenkins.DataProvide -->
