<?xml version="1.0" encoding="UTF-8"?>
<!-- Generated by org.testng.reporters.JUnitReportReporter -->
<testsuite skipped="1" hostname="Admin-PC" name="testNG.EnableAndDisableTest" tests="2" failures="0" timestamp="18 Feb 2018 13:38:03 GMT" time="0.000" errors="0">
  <testcase name="login" time="0.000" classname="testNG.EnableAndDisableTest"/>
  <testcase name="search" classname="testNG.EnableAndDisableTest">
    <skipped/>
  </testcase> <!-- search -->
</testsuite> <!-- testNG.EnableAndDisableTest -->
