<?xml version="1.0" encoding="UTF-8"?>
<!-- Generated by org.testng.reporters.JUnitReportReporter -->
<testsuite skipped="0" hostname="Admin-PC" name="testNG.ParametersTest" tests="2" failures="0" timestamp="18 Feb 2018 13:38:03 GMT" time="0.005" errors="0">
  <testcase name="testLogin" time="0.000" classname="testNG.ParametersTest"/>
  <testcase name="testLogin" time="0.005" classname="testNG.ParametersTest"/>
</testsuite> <!-- testNG.ParametersTest -->
