<?xml version="1.0" encoding="UTF-8"?>
<!-- Generated by org.testng.reporters.JUnitReportReporter -->
<testsuite hostname="Admin-PC" name="demoJenkins.DemoJenkinsJobs" tests="1" failures="0" timestamp="17 Feb 2018 13:17:01 GMT" time="0.024" errors="0">
  <testcase name="testJenkisn" time="0.024" classname="demoJenkins.DemoJenkinsJobs"/>
</testsuite> <!-- demoJenkins.DemoJenkinsJobs -->
