<?xml version="1.0" encoding="UTF-8"?>
<!-- Generated by org.testng.reporters.JUnitReportReporter -->
<testsuite skipped="0" hostname="Admin-PC" name="testNG.GroupsTest" tests="3" failures="0" timestamp="18 Feb 2018 13:38:03 GMT" time="0.010" errors="0">
  <testcase name="test2" time="0.005" classname="testNG.GroupsTest"/>
  <testcase name="test3" time="0.005" classname="testNG.GroupsTest"/>
  <testcase name="test1" time="0.000" classname="testNG.GroupsTest"/>
</testsuite> <!-- testNG.GroupsTest -->
